  Audio.cpp
  Collision.cpp
d:\it\2018\nhập môn game\source-code-game\game-uit-stark\game-uit-stark\collision.cpp(21): warning C4244: '=': conversion from 'int' to 'float', possible loss of data
d:\it\2018\nhập môn game\source-code-game\game-uit-stark\game-uit-stark\collision.cpp(22): warning C4244: '=': conversion from 'int' to 'float', possible loss of data
d:\it\2018\nhập môn game\source-code-game\game-uit-stark\game-uit-stark\collision.cpp(26): warning C4244: '=': conversion from 'int' to 'float', possible loss of data
d:\it\2018\nhập môn game\source-code-game\game-uit-stark\game-uit-stark\collision.cpp(27): warning C4244: '=': conversion from 'int' to 'float', possible loss of data
d:\it\2018\nhập môn game\source-code-game\game-uit-stark\game-uit-stark\collision.cpp(33): warning C4244: '=': conversion from 'int' to 'float', possible loss of data
d:\it\2018\nhập môn game\source-code-game\game-uit-stark\game-uit-stark\collision.cpp(34): warning C4244: '=': conversion from 'int' to 'float', possible loss of data
d:\it\2018\nhập môn game\source-code-game\game-uit-stark\game-uit-stark\collision.cpp(38): warning C4244: '=': conversion from 'int' to 'float', possible loss of data
d:\it\2018\nhập môn game\source-code-game\game-uit-stark\game-uit-stark\collision.cpp(39): warning C4244: '=': conversion from 'int' to 'float', possible loss of data
d:\it\2018\nhập môn game\source-code-game\game-uit-stark\game-uit-stark\collision.cpp(81): warning C4244: '=': conversion from 'float' to 'int', possible loss of data
d:\it\2018\nhập môn game\source-code-game\game-uit-stark\game-uit-stark\collision.cpp(82): warning C4244: '=': conversion from 'float' to 'int', possible loss of data
d:\it\2018\nhập môn game\source-code-game\game-uit-stark\game-uit-stark\collision.cpp(90): warning C4552: '-': result of expression not used
d:\it\2018\nhập môn game\source-code-game\game-uit-stark\game-uit-stark\collision.cpp(92): warning C4244: '=': conversion from 'float' to 'int', possible loss of data
d:\it\2018\nhập môn game\source-code-game\game-uit-stark\game-uit-stark\collision.cpp(94): warning C4244: '=': conversion from 'float' to 'int', possible loss of data
d:\it\2018\nhập môn game\source-code-game\game-uit-stark\game-uit-stark\collision.cpp(98): warning C4244: '=': conversion from 'float' to 'int', possible loss of data
d:\it\2018\nhập môn game\source-code-game\game-uit-stark\game-uit-stark\collision.cpp(100): warning C4244: '=': conversion from 'float' to 'int', possible loss of data
d:\it\2018\nhập môn game\source-code-game\game-uit-stark\game-uit-stark\collision.cpp(102): warning C4244: '=': conversion from 'float' to 'int', possible loss of data
  CollisionRect.cpp
d:\it\2018\nhập môn game\source-code-game\game-uit-stark\game-uit-stark\collisionrect.cpp(13): warning C4244: '=': conversion from 'int' to 'float', possible loss of data
d:\it\2018\nhập môn game\source-code-game\game-uit-stark\game-uit-stark\collisionrect.cpp(14): warning C4244: '=': conversion from 'int' to 'float', possible loss of data
  FGraphics.cpp
  FKeyBoard.cpp
  c:\program files (x86)\microsoft directx sdk (june 2010)\include\dinput.h: DIRECTINPUT_VERSION undefined. Defaulting to version 0x0800
  Game.cpp
  Global.cpp
  main.cpp
  Object.cpp
  QuadNode.cpp
  QuadTree.cpp
  Sound.cpp
  Window.cpp
  Generating Code...
  Game-UIT-Stark.vcxproj -> D:\IT\2018\Nhập môn game\Source-Code-Game\Game-UIT-Stark\Debug\Game-UIT-Stark.exe
