  Ball.cpp
  c:\program files (x86)\microsoft directx sdk (june 2010)\include\dinput.h: DIRECTINPUT_VERSION undefined. Defaulting to version 0x0800
d:\documents\gamedevelopment\game\game\game-uit-stark\game-uit-stark\ball.cpp(36): warning C4244: 'argument': conversion from 'int' to 'FLOAT', possible loss of data
d:\documents\gamedevelopment\game\game\game-uit-stark\game-uit-stark\ball.cpp(43): warning C4244: 'argument': conversion from 'float' to 'DWORD', possible loss of data
d:\documents\gamedevelopment\game\game\game-uit-stark\game-uit-stark\ball.cpp(56): warning C4244: '+=': conversion from 'float' to 'int', possible loss of data
d:\documents\gamedevelopment\game\game\game-uit-stark\game-uit-stark\ball.cpp(57): warning C4244: '+=': conversion from 'float' to 'int', possible loss of data
d:\documents\gamedevelopment\game\game\game-uit-stark\game-uit-stark\ball.cpp(64): warning C4244: '+=': conversion from 'float' to 'int', possible loss of data
d:\documents\gamedevelopment\game\game\game-uit-stark\game-uit-stark\ball.cpp(65): warning C4244: '+=': conversion from 'float' to 'int', possible loss of data
  Bar.cpp
  c:\program files (x86)\microsoft directx sdk (june 2010)\include\dinput.h: DIRECTINPUT_VERSION undefined. Defaulting to version 0x0800
d:\documents\gamedevelopment\game\game\game-uit-stark\game-uit-stark\bar.cpp(33): warning C4244: 'argument': conversion from 'float' to 'DWORD', possible loss of data
d:\documents\gamedevelopment\game\game\game-uit-stark\game-uit-stark\bar.cpp(39): warning C4244: '+=': conversion from 'float' to 'int', possible loss of data
d:\documents\gamedevelopment\game\game\game-uit-stark\game-uit-stark\bar.cpp(40): warning C4244: '+=': conversion from 'float' to 'int', possible loss of data
d:\documents\gamedevelopment\game\game\game-uit-stark\game-uit-stark\bar.cpp(45): warning C4244: 'argument': conversion from 'int' to 'FLOAT', possible loss of data
  Game.cpp
  c:\program files (x86)\microsoft directx sdk (june 2010)\include\dinput.h: DIRECTINPUT_VERSION undefined. Defaulting to version 0x0800
  Window.cpp
  c:\program files (x86)\microsoft directx sdk (june 2010)\include\dinput.h: DIRECTINPUT_VERSION undefined. Defaulting to version 0x0800
d:\documents\gamedevelopment\game\game\game-uit-stark\game-uit-stark\window.cpp(95): warning C4244: 'initializing': conversion from 'DWORD' to 'float', possible loss of data
d:\documents\gamedevelopment\game\game\game-uit-stark\game-uit-stark\window.cpp(114): warning C4244: 'argument': conversion from 'float' to 'DWORD', possible loss of data
  Generating Code...
  Game-UIT-Stark.vcxproj -> D:\DOCUMENTS\GameDevelopment\Game\Game\Game-UIT-Stark\x64\Debug\Game-UIT-Stark.exe
