d:\it\2018\nhập môn game\source-code-game\game-uit-stark\game-uit-stark\x64\debug\audio.obj
d:\it\2018\nhập môn game\source-code-game\game-uit-stark\game-uit-stark\x64\debug\collision.obj
d:\it\2018\nhập môn game\source-code-game\game-uit-stark\game-uit-stark\x64\debug\collisionrect.obj
d:\it\2018\nhập môn game\source-code-game\game-uit-stark\game-uit-stark\x64\debug\fgraphics.obj
d:\it\2018\nhập môn game\source-code-game\game-uit-stark\game-uit-stark\x64\debug\fkeyboard.obj
d:\it\2018\nhập môn game\source-code-game\game-uit-stark\game-uit-stark\x64\debug\game.obj
d:\it\2018\nhập môn game\source-code-game\game-uit-stark\game-uit-stark\x64\debug\global.obj
d:\it\2018\nhập môn game\source-code-game\game-uit-stark\game-uit-stark\x64\debug\object.obj
d:\it\2018\nhập môn game\source-code-game\game-uit-stark\game-uit-stark\x64\debug\quadnode.obj
d:\it\2018\nhập môn game\source-code-game\game-uit-stark\game-uit-stark\x64\debug\sound.obj
d:\it\2018\nhập môn game\source-code-game\game-uit-stark\game-uit-stark\x64\debug\vc141.pdb
d:\documents\nhập môn phát triển game\game\game-uit-stark\game-uit-stark\x64\debug\vc141.pdb
d:\documents\nhập môn phát triển game\game\game-uit-stark\game-uit-stark\x64\debug\vc141.idb
d:\documents\nhập môn phát triển game\game\game-uit-stark\game-uit-stark\x64\debug\window.obj
d:\documents\nhập môn phát triển game\game\game-uit-stark\game-uit-stark\x64\debug\sound.obj
d:\documents\nhập môn phát triển game\game\game-uit-stark\game-uit-stark\x64\debug\quadtree.obj
d:\documents\nhập môn phát triển game\game\game-uit-stark\game-uit-stark\x64\debug\quadnode.obj
d:\documents\nhập môn phát triển game\game\game-uit-stark\game-uit-stark\x64\debug\object.obj
d:\documents\nhập môn phát triển game\game\game-uit-stark\game-uit-stark\x64\debug\main.obj
d:\documents\nhập môn phát triển game\game\game-uit-stark\game-uit-stark\x64\debug\global.obj
d:\documents\nhập môn phát triển game\game\game-uit-stark\game-uit-stark\x64\debug\game.obj
d:\documents\nhập môn phát triển game\game\game-uit-stark\game-uit-stark\x64\debug\fkeyboard.obj
d:\documents\nhập môn phát triển game\game\game-uit-stark\game-uit-stark\x64\debug\fgraphics.obj
d:\documents\nhập môn phát triển game\game\game-uit-stark\game-uit-stark\x64\debug\collisionrect.obj
d:\documents\nhập môn phát triển game\game\game-uit-stark\game-uit-stark\x64\debug\collision.obj
d:\documents\nhập môn phát triển game\game\game-uit-stark\game-uit-stark\x64\debug\camera.obj
d:\documents\nhập môn phát triển game\game\game-uit-stark\game-uit-stark\x64\debug\audio.obj
d:\documents\nhập môn phát triển game\game\game-uit-stark\game-uit-stark\x64\debug\gameobject.obj
d:\it\2018\nhập môn game\source-code-game\game-uit-stark\x64\debug\game-uit-stark.exe
d:\it\2018\nhập môn game\source-code-game\game-uit-stark\x64\debug\game-uit-stark.ilk
d:\it\2018\nhập môn game\source-code-game\game-uit-stark\x64\debug\game-uit-stark.pdb
d:\documents\nhập môn phát triển game\game\game-uit-stark\x64\debug\game-uit-stark.exe
d:\documents\nhập môn phát triển game\game\game-uit-stark\x64\debug\game-uit-stark.ilk
d:\documents\nhập môn phát triển game\game\game-uit-stark\x64\debug\game-uit-stark.pdb
d:\documents\nhập môn phát triển game\game\game-uit-stark\game-uit-stark\x64\debug\game-uit-stark.tlog\cl.command.1.tlog
d:\documents\nhập môn phát triển game\game\game-uit-stark\game-uit-stark\x64\debug\game-uit-stark.tlog\cl.read.1.tlog
d:\documents\nhập môn phát triển game\game\game-uit-stark\game-uit-stark\x64\debug\game-uit-stark.tlog\cl.write.1.tlog
d:\documents\nhập môn phát triển game\game\game-uit-stark\game-uit-stark\x64\debug\game-uit-stark.tlog\link.command.1.tlog
d:\documents\nhập môn phát triển game\game\game-uit-stark\game-uit-stark\x64\debug\game-uit-stark.tlog\link.read.1.tlog
d:\documents\nhập môn phát triển game\game\game-uit-stark\game-uit-stark\x64\debug\game-uit-stark.tlog\link.write.1.tlog
