d:\it\2018\nhập môn game\source-code-game\megamanx3\megamanx3\x64\debug\vc141.pdb
d:\it\2018\nhập môn game\source-code-game\megamanx3\megamanx3\x64\debug\vc141.idb
d:\it\2018\nhập môn game\source-code-game\megamanx3\megamanx3\x64\debug\headgunnercustomerbullettube.obj
d:\it\2018\nhập môn game\source-code-game\megamanx3\megamanx3\x64\debug\headgunnercustomer.obj
d:\it\2018\nhập môn game\source-code-game\megamanx3\megamanx3\x64\debug\ground.obj
d:\it\2018\nhập môn game\source-code-game\megamanx3\megamanx3\x64\debug\global.obj
d:\it\2018\nhập môn game\source-code-game\megamanx3\megamanx3\x64\debug\genjibo.obj
d:\it\2018\nhập môn game\source-code-game\megamanx3\megamanx3\x64\debug\game.obj
d:\it\2018\nhập môn game\source-code-game\megamanx3\megamanx3\x64\debug\doorshurikein.obj
d:\it\2018\nhập môn game\source-code-game\megamanx3\megamanx3\x64\debug\doorrightshurikein.obj
d:\it\2018\nhập môn game\source-code-game\megamanx3\megamanx3\x64\debug\dashspark.obj
d:\it\2018\nhập môn game\source-code-game\megamanx3\megamanx3\x64\debug\dashsmoke.obj
d:\it\2018\nhập môn game\source-code-game\megamanx3\megamanx3\x64\debug\collision.obj
d:\it\2018\nhập môn game\source-code-game\megamanx3\megamanx3\x64\debug\carryarm.obj
d:\it\2018\nhập môn game\source-code-game\megamanx3\megamanx3\x64\debug\camera.obj
d:\it\2018\nhập môn game\source-code-game\megamanx3\megamanx3\x64\debug\bullet.obj
d:\it\2018\nhập môn game\source-code-game\megamanx3\megamanx3\x64\debug\box.obj
d:\it\2018\nhập môn game\source-code-game\megamanx3\megamanx3\x64\debug\blasthornet.obj
d:\it\2018\nhập môn game\source-code-game\megamanx3\megamanx3\x64\debug\bee.obj
d:\it\2018\nhập môn game\source-code-game\megamanx3\megamanx3\x64\debug\background.obj
d:\it\2018\nhập môn game\source-code-game\megamanx3\megamanx3\x64\debug\animation.obj
d:\it\2018\nhập môn game\source-code-game\megamanx3\megamanx3\x64\debug\actionobject.obj
d:\it\2018\nhập môn game\source-code-game\megamanx3\megamanx3\x64\debug\virtualobject.obj
d:\it\2018\nhập môn game\source-code-game\megamanx3\megamanx3\x64\debug\txt.obj
d:\it\2018\nhập môn game\source-code-game\megamanx3\megamanx3\x64\debug\sprite.obj
d:\it\2018\nhập môn game\source-code-game\megamanx3\megamanx3\x64\debug\speedburner.obj
d:\it\2018\nhập môn game\source-code-game\megamanx3\megamanx3\x64\debug\shurikein.obj
d:\it\2018\nhập môn game\source-code-game\megamanx3\megamanx3\x64\debug\quadtree.obj
d:\it\2018\nhập môn game\source-code-game\megamanx3\megamanx3\x64\debug\object.obj
d:\it\2018\nhập môn game\source-code-game\megamanx3\megamanx3\x64\debug\notorbangerbullet.obj
d:\it\2018\nhập môn game\source-code-game\megamanx3\megamanx3\x64\debug\notorbanger.obj
d:\it\2018\nhập môn game\source-code-game\megamanx3\megamanx3\x64\debug\node.obj
d:\it\2018\nhập môn game\source-code-game\megamanx3\megamanx3\x64\debug\mytexture.obj
d:\it\2018\nhập môn game\source-code-game\megamanx3\megamanx3\x64\debug\mygame.obj
d:\it\2018\nhập môn game\source-code-game\megamanx3\megamanx3\x64\debug\megamanbullet3.obj
d:\it\2018\nhập môn game\source-code-game\megamanx3\megamanx3\x64\debug\megamanbullet2.obj
d:\it\2018\nhập môn game\source-code-game\megamanx3\megamanx3\x64\debug\megamanbullet1.obj
d:\it\2018\nhập môn game\source-code-game\megamanx3\megamanx3\x64\debug\megaman.obj
d:\it\2018\nhập môn game\source-code-game\megamanx3\megamanx3\x64\debug\map.obj
d:\it\2018\nhập môn game\source-code-game\megamanx3\megamanx3\x64\debug\main.obj
d:\it\2018\nhập môn game\source-code-game\megamanx3\megamanx3\x64\debug\launchers.obj
d:\it\2018\nhập môn game\source-code-game\megamanx3\megamanx3\x64\debug\helit.obj
d:\it\2018\nhập môn game\source-code-game\megamanx3\megamanx3\x64\debug\weaponsystem.obj
d:\it\2018\nhập môn game\source-code-game\megamanx3\megamanx3\x64\debug\helitbullet.obj
d:\it\2018\nhập môn game\source-code-game\megamanx3\megamanx3\x64\debug\subbosscarry.obj
d:\it\2018\nhập môn game\source-code-game\megamanx3\megamanx3\x64\debug\carrybox.obj
d:\it\2018\nhập môn game\source-code-game\megamanx3\megamanx3\x64\debug\textstartgame.obj
d:\it\2018\nhập môn game\source-code-game\megamanx3\megamanx3\x64\debug\metacapsule.obj
d:\it\2018\nhập môn game\source-code-game\megamanx3\megamanx3\x64\debug\metacapsulebullet.obj
d:\it\2018\nhập môn game\source-code-game\megamanx3\x64\debug\megamanx3.exe
d:\it\2018\nhập môn game\source-code-game\megamanx3\x64\debug\megamanx3.ilk
d:\it\2018\nhập môn game\source-code-game\megamanx3\x64\debug\megamanx3.pdb
d:\it\2018\nhập môn game\source-code-game\megamanx3\megamanx3\x64\debug\megamanx3.tlog\cl.command.1.tlog
d:\it\2018\nhập môn game\source-code-game\megamanx3\megamanx3\x64\debug\megamanx3.tlog\cl.read.1.tlog
d:\it\2018\nhập môn game\source-code-game\megamanx3\megamanx3\x64\debug\megamanx3.tlog\cl.write.1.tlog
d:\it\2018\nhập môn game\source-code-game\megamanx3\megamanx3\x64\debug\megamanx3.tlog\link.command.1.tlog
d:\it\2018\nhập môn game\source-code-game\megamanx3\megamanx3\x64\debug\megamanx3.tlog\link.read.1.tlog
d:\it\2018\nhập môn game\source-code-game\megamanx3\megamanx3\x64\debug\megamanx3.tlog\link.write.1.tlog
